#
# There is insufficient memory for the Java Runtime Environment to continue.
# Native memory allocation (mmap) failed to map 536870912 bytes. Error detail: G1 virtual space
# Possible reasons:
#   The system is out of physical RAM or swap space
#   This process is running with CompressedOops enabled, and the Java Heap may be blocking the growth of the native heap
# Possible solutions:
#   Reduce memory load on the system
#   Increase physical memory or swap space
#   Check if swap backing store is full
#   Decrease Java heap size (-Xmx/-Xms)
#   Decrease number of Java threads
#   Decrease Java thread stack sizes (-Xss)
#   Set larger code cache with -XX:ReservedCodeCacheSize=
#   JVM is running with Zero Based Compressed Oops mode in which the Java heap is
#     placed in the first 32GB address space. The Java Heap base address is the
#     maximum limit for the native heap growth. Please use -XX:HeapBaseMinAddress
#     to set the Java Heap base and to place the Java Heap above 32GB virtual address.
# This output file may be truncated or incomplete.
#
#  Out of Memory Error (os_windows.cpp:3828), pid=34248, tid=11916
#
# JRE version:  (21.0.5+8) (build )
# Java VM: OpenJDK 64-Bit Server VM (21.0.5+8-b631.16, mixed mode, sharing, tiered, compressed oops, compressed class ptrs, g1 gc, windows-amd64)
# No core dump will be written. Minidumps are not enabled by default on client versions of Windows
#

---------------  S U M M A R Y ------------

Command Line: git4idea.http.GitAskPassApp Username for 'https://github.com': 

Host: 11th Gen Intel(R) Core(TM) i5-11400H @ 2.70GHz, 12 cores, 31G,  Windows 11 , 64 bit Build 22621 (10.0.22621.5305)
Time: Tue Jun 24 08:21:13 2025 SE Asia Standard Time elapsed time: 0.007122 seconds (0d 0h 0m 0s)

---------------  T H R E A D  ---------------

Current thread (0x0000011e28eb5910):  JavaThread "Unknown thread" [_thread_in_vm, id=11916, stack(0x00000009f6c00000,0x00000009f6d00000) (1024K)]

Stack: [0x00000009f6c00000,0x00000009f6d00000]
Native frames: (J=compiled Java code, j=interpreted, Vv=VM code, C=native code)
V  [jvm.dll+0x6e52b9]
V  [jvm.dll+0x8c3633]
V  [jvm.dll+0x8c5b8e]
V  [jvm.dll+0x8c6273]
V  [jvm.dll+0x288f46]
V  [jvm.dll+0x6e1a35]
V  [jvm.dll+0x6d5e3a]
V  [jvm.dll+0x3634bb]
V  [jvm.dll+0x36b086]
V  [jvm.dll+0x3bd346]
V  [jvm.dll+0x3bd618]
V  [jvm.dll+0x335c2c]
V  [jvm.dll+0x33691b]
V  [jvm.dll+0x88aa89]
V  [jvm.dll+0x3ca518]
V  [jvm.dll+0x873b98]
V  [jvm.dll+0x45eede]
V  [jvm.dll+0x460bc1]
C  [jli.dll+0x52ab]
C  [ucrtbase.dll+0x29333]
C  [KERNEL32.DLL+0x1259d]
C  [ntdll.dll+0x5af78]


---------------  P R O C E S S  ---------------

Threads class SMR info:
_java_thread_list=0x00007ffffb4ba148, length=0, elements={
}

Java Threads: ( => current thread )
Total: 0

Other Threads:
  0x0000011e28f5a520 WorkerThread "GC Thread#0"                     [id=27520, stack(0x00000009f6d00000,0x00000009f6e00000) (1024K)]
  0x0000011e28f6c360 ConcurrentGCThread "G1 Main Marker"            [id=32656, stack(0x00000009f6e00000,0x00000009f6f00000) (1024K)]
  0x0000011e28f6d010 WorkerThread "G1 Conc#0"                       [id=31544, stack(0x00000009f6f00000,0x00000009f7000000) (1024K)]

[error occurred during error reporting (printing all threads), id 0xc0000005, EXCEPTION_ACCESS_VIOLATION (0xc0000005) at pc=0x00007ffffaba8ce7]
VM state: not at safepoint (not fully initialized)

VM Mutex/Monitor currently owned by a thread:  ([mutex/lock_event])
[0x00007ffffb52eb30] Heap_lock - owner thread: 0x0000011e28eb5910

Heap address: 0x0000000603400000, size: 8140 MB, Compressed Oops mode: Zero based, Oop shift amount: 3

CDS archive(s) mapped at: [0x0000000000000000-0x0000000000000000-0x0000000000000000), size 0, SharedBaseAddress: 0x0000000800000000, ArchiveRelocationMode: 1.
Narrow klass base: 0x0000000000000000, Narrow klass shift: 0, Narrow klass range: 0x0

GC Precious Log:
 CardTable entry size: 512
 Card Set container configuration: InlinePtr #cards 4 size 8 Array Of Cards #cards 32 size 80 Howl #buckets 8 coarsen threshold 7372 Howl Bitmap #cards 1024 size 144 coarsen threshold 921 Card regions per heap region 1 cards per card region 8192

Heap:
 garbage-first heap   total 0K, used 0K [0x0000000603400000, 0x0000000800000000)
  region size 4096K, 0 young (0K), 0 survivors (0K)
 Metaspace       used 0K, committed 0K, reserved 0K
  class space    used 0K, committed 0K, reserved 0K

Heap Regions: E=young(eden), S=young(survivor), O=old, HS=humongous(starts), HC=humongous(continues), CS=collection set, F=free, TAMS=top-at-mark-start, PB=parsable bottom

Card table byte_map: [0x0000011e3f2a0000,0x0000011e40290000] _byte_map_base: 0x0000011e3c286000

Marking Bits: (CMBitMap*) 0x0000011e28f5bc30
 Bits: [0x0000011e40290000, 0x0000011e481c0000)

GC Heap History (0 events):
No events

Dll operation events (1 events):
Event: 0.004 Loaded shared library M:\Code_Enviroments\PyCharm 2024.2.1\jbr\bin\java.dll

Deoptimization events (0 events):
No events

Classes loaded (0 events):
No events

Classes unloaded (0 events):
No events

Classes redefined (0 events):
No events

Internal exceptions (0 events):
No events

ZGC Phase Switch (0 events):
No events

VM Operations (0 events):
No events

Memory protections (0 events):
No events

Nmethod flushes (0 events):
No events

Events (0 events):
No events


Dynamic libraries:
0x00007ff6aee40000 - 0x00007ff6aee4a000 	M:\Code_Enviroments\PyCharm 2024.2.1\jbr\bin\java.exe
0x00007ff8cba30000 - 0x00007ff8cbc47000 	C:\WINDOWS\SYSTEM32\ntdll.dll
0x00007ff8caf50000 - 0x00007ff8cb014000 	C:\WINDOWS\System32\KERNEL32.DLL
0x00007ff8c8d60000 - 0x00007ff8c9133000 	C:\WINDOWS\System32\KERNELBASE.dll
0x00007ff8c8b50000 - 0x00007ff8c8c61000 	C:\WINDOWS\System32\ucrtbase.dll
0x00007ff8b4950000 - 0x00007ff8b4968000 	M:\Code_Enviroments\PyCharm 2024.2.1\jbr\bin\jli.dll
0x00007ff8b4c90000 - 0x00007ff8b4cab000 	M:\Code_Enviroments\PyCharm 2024.2.1\jbr\bin\VCRUNTIME140.dll
0x00007ff8cb520000 - 0x00007ff8cb6d1000 	C:\WINDOWS\System32\USER32.dll
0x00007ff8b6700000 - 0x00007ff8b699b000 	C:\WINDOWS\WinSxS\amd64_microsoft.windows.common-controls_6595b64144ccf1df_6.0.22621.5240_none_2710eadf7384a318\COMCTL32.dll
0x00007ff8c8b20000 - 0x00007ff8c8b46000 	C:\WINDOWS\System32\win32u.dll
0x00007ff8c98c0000 - 0x00007ff8c9967000 	C:\WINDOWS\System32\msvcrt.dll
0x00007ff8cb6e0000 - 0x00007ff8cb709000 	C:\WINDOWS\System32\GDI32.dll
0x00007ff8c9590000 - 0x00007ff8c96b4000 	C:\WINDOWS\System32\gdi32full.dll
0x00007ff8c91c0000 - 0x00007ff8c925a000 	C:\WINDOWS\System32\msvcp_win.dll
0x00007ff8cae80000 - 0x00007ff8caeb1000 	C:\WINDOWS\System32\IMM32.DLL
0x00007ff8b4c80000 - 0x00007ff8b4c8c000 	M:\Code_Enviroments\PyCharm 2024.2.1\jbr\bin\vcruntime140_1.dll
0x00007ff859d50000 - 0x00007ff859ddd000 	M:\Code_Enviroments\PyCharm 2024.2.1\jbr\bin\msvcp140.dll
0x00007ffffa860000 - 0x00007ffffb621000 	M:\Code_Enviroments\PyCharm 2024.2.1\jbr\bin\server\jvm.dll
0x00007ff8c9730000 - 0x00007ff8c97e1000 	C:\WINDOWS\System32\ADVAPI32.dll
0x00007ff8c9970000 - 0x00007ff8c9a17000 	C:\WINDOWS\System32\sechost.dll
0x00007ff8c8d30000 - 0x00007ff8c8d58000 	C:\WINDOWS\System32\bcrypt.dll
0x00007ff8cb710000 - 0x00007ff8cb824000 	C:\WINDOWS\System32\RPCRT4.dll
0x00007ff8c9a20000 - 0x00007ff8c9a91000 	C:\WINDOWS\System32\WS2_32.dll
0x00007ff8c7970000 - 0x00007ff8c79bd000 	C:\WINDOWS\SYSTEM32\POWRPROF.dll
0x00007ff8c17c0000 - 0x00007ff8c17f4000 	C:\WINDOWS\SYSTEM32\WINMM.dll
0x00007ff8c1180000 - 0x00007ff8c118a000 	C:\WINDOWS\SYSTEM32\VERSION.dll
0x00007ff8c7950000 - 0x00007ff8c7963000 	C:\WINDOWS\SYSTEM32\UMPDC.dll
0x00007ff8c7b70000 - 0x00007ff8c7b88000 	C:\WINDOWS\SYSTEM32\kernel.appcore.dll
0x00007ff8b49f0000 - 0x00007ff8b49fa000 	M:\Code_Enviroments\PyCharm 2024.2.1\jbr\bin\jimage.dll
0x00007ff8be2d0000 - 0x00007ff8be502000 	C:\WINDOWS\SYSTEM32\DBGHELP.DLL
0x00007ff8c9ea0000 - 0x00007ff8ca233000 	C:\WINDOWS\System32\combase.dll
0x00007ff8c9cb0000 - 0x00007ff8c9d87000 	C:\WINDOWS\System32\OLEAUT32.dll
0x00007ff8a5340000 - 0x00007ff8a5372000 	C:\WINDOWS\SYSTEM32\dbgcore.DLL
0x00007ff8c9510000 - 0x00007ff8c958b000 	C:\WINDOWS\System32\bcryptPrimitives.dll
0x00007ff8b4660000 - 0x00007ff8b4680000 	M:\Code_Enviroments\PyCharm 2024.2.1\jbr\bin\java.dll

dbghelp: loaded successfully - version: 4.0.5 - missing functions: none
symbol engine: initialized successfully - sym options: 0x614 - pdb path: .;M:\Code_Enviroments\PyCharm 2024.2.1\jbr\bin;C:\WINDOWS\SYSTEM32;C:\WINDOWS\WinSxS\amd64_microsoft.windows.common-controls_6595b64144ccf1df_6.0.22621.5240_none_2710eadf7384a318;M:\Code_Enviroments\PyCharm 2024.2.1\jbr\bin\server

VM Arguments:
java_command: git4idea.http.GitAskPassApp Username for 'https://github.com': 
java_class_path (initial): M:/Code_Enviroments/PyCharm 2024.2.1/plugins/vcs-git/lib/git4idea-rt.jar;M:/Code_Enviroments/PyCharm 2024.2.1/lib/externalProcess-rt.jar
Launcher Type: SUN_STANDARD

[Global flags]
     intx CICompilerCount                          = 4                                         {product} {ergonomic}
     uint ConcGCThreads                            = 3                                         {product} {ergonomic}
     uint G1ConcRefinementThreads                  = 10                                        {product} {ergonomic}
   size_t G1HeapRegionSize                         = 4194304                                   {product} {ergonomic}
    uintx GCDrainStackTargetSize                   = 64                                        {product} {ergonomic}
   size_t InitialHeapSize                          = 536870912                                 {product} {ergonomic}
   size_t MarkStackSize                            = 4194304                                   {product} {ergonomic}
   size_t MaxHeapSize                              = 8535408640                                {product} {ergonomic}
   size_t MinHeapDeltaBytes                        = 4194304                                   {product} {ergonomic}
   size_t MinHeapSize                              = 8388608                                   {product} {ergonomic}
    uintx NonNMethodCodeHeapSize                   = 5839372                                {pd product} {ergonomic}
    uintx NonProfiledCodeHeapSize                  = 122909434                              {pd product} {ergonomic}
    uintx ProfiledCodeHeapSize                     = 122909434                              {pd product} {ergonomic}
    uintx ReservedCodeCacheSize                    = 251658240                              {pd product} {ergonomic}
     bool SegmentedCodeCache                       = true                                      {product} {ergonomic}
   size_t SoftMaxHeapSize                          = 8535408640                             {manageable} {ergonomic}
     bool UseCompressedOops                        = true                           {product lp64_product} {ergonomic}
     bool UseG1GC                                  = true                                      {product} {ergonomic}
     bool UseLargePagesIndividualAllocation        = false                                  {pd product} {ergonomic}

Logging:
Log output configuration:
 #0: stdout all=warning uptime,level,tags foldmultilines=false
 #1: stderr all=off uptime,level,tags foldmultilines=false

Environment Variables:
PATH=M:\Code Enviroments\Git\mingw64\libexec\git-core;M:\Code Enviroments\Git\mingw64\libexec\git-core;M:\Code Enviroments\Git\mingw64\bin;M:\Code Enviroments\Git\usr\bin;C:\Users\Minh\bin;C:\Program Files\OpenSSH;C:\ProgramData\Oracle\Java\javapath;C:\Program Files (x86)\Common Files\Oracle\Java\java8path;M:\Code Enviroments\Python\Python311\Scripts;M:\Code Enviroments\Python\Python311;C:\Program Files\NVIDIA GPU Computing Toolkit\CUDA\v12.4\bin;C:\Program Files\NVIDIA GPU Computing Toolkit\CUDA\v12.4\libnvvp;C:\Windows\system32;C:\Windows;C:\Windows\System32\Wbem;C:\Windows\System32\WindowsPowerShell\v1.0;C:\Windows\System32\OpenSSH;C:\Program Files (x86)\NVIDIA Corporation\PhysX\Common;C:\Program Files\NVIDIA Corporation\NVIDIA NvDLISR;C:\Program Files\dotnet;C:\Program Files\NVIDIA Corporation\Nsight Compute 2024.1.1;M:\Code Enviroments\CMake\bin;M:\Code Enviroments\Git\cmd;C:\WINDOWS\system32;C:\WINDOWS;C:\WINDOWS\System32\Wbem;C:\WINDOWS\System32\WindowsPowerShell\v1.0;C:\WINDOWS\System32\OpenSSH;C:\Program Files (x86)\ZeroTier\One;C:\Program Files\Microchip\xc8\v2.36\bin;C:\Program Files (x86)\IVI Foundation\VISA\WinNT\Bin;C:\Program Files\IVI Foundation\VISA\Win64\Bin;C:\Program Files (x86)\IVI Foundation\VISA\WinNT\Bin;C:\Program Files (x86)\IVI Foundation\IVI\Bin;C:\Program Files\IVI Foundation\IVI\Bin;C:\Program Files\Keysight\IO Libraries Suite\bin;C:\Program Files (x86)\Keysight\IO Libraries Suite\bin;C:\Program Files (x86)\IVI Foundation\VISA\winnt\ktvisa;C:\Program Files\IVI Foundation\VISA\win64\ktvisa;C:\Program Files\IVI Foundation\VISA\win64\bin;C:\Program Files\Keysight\Secure Instrument Communication Expert\bin;E:\Libraries\MatLab\R2024a\runtime\win64;E:\Libraries\MatLab\R2024a\bin;C:\Program Files\Cloudflare\Cloudflare WARP;C:\Program Files\OpenSSH\bin;M:\Code Enviroments\Python\Python36\Scripts;M:\Code Enviroments\Python\Python36;C:\Users\Minh\AppData\Local\Programs\Python\Python36-32\Scripts;C:\Users\Minh\AppData\Local\Programs\Python\Python36-32;M:\Code_Enviroments\Python\Python311;M:\Code_Enviroments\Python\Python311\Scripts;%\PATH%;C:\Users\Minh\AppData\Roaming\Python\Python312\Scripts;M:\Microsoft VS Code\bin;M:\Code_Enviroments\PyCharm 2024.2.1\bin;M:\Code_Enviroments\msys\ucrt64\bin;E:\Libraries\MikTeX\miktex\bin\x64;C:\Users\Minh\AppData\Local\Microsoft\WindowsApps;C:\Program Files (x86)\Nmap;C:\MinGW\bin
USERNAME=Minh
DISPLAY=:0.0
LC_ALL=en_US.UTF-8
TERM=xterm-256color
TMPDIR=C:\Users\Minh\AppData\Local\Temp
OS=Windows_NT
PROCESSOR_IDENTIFIER=Intel64 Family 6 Model 141 Stepping 1, GenuineIntel
TMP=C:\Users\Minh\AppData\Local\Temp
TEMP=C:\Users\Minh\AppData\Local\Temp




Periodic native trim disabled

JNI global refs:
JNI global refs: 0, weak refs: 0

JNI global refs memory usage: 0, weak refs: 0

Process memory usage:
Resident Set Size: 12020K (0% of 33328440K total physical memory with 12114020K free physical memory)

OOME stack traces (most recent first):
Classloader memory used:

---------------  S Y S T E M  ---------------

OS:
 Windows 11 , 64 bit Build 22621 (10.0.22621.5305)
OS uptime: 0 days 15:47 hours
Hyper-V role detected

CPU: total 12 (initial active 12) (6 cores per cpu, 2 threads per core) family 6 model 141 stepping 1 microcode 0x34, cx8, cmov, fxsr, ht, mmx, 3dnowpref, sse, sse2, sse3, ssse3, sse4.1, sse4.2, popcnt, lzcnt, tsc, tscinvbit, avx, avx2, aes, erms, clmul, bmi1, bmi2, adx, avx512f, avx512dq, avx512cd, avx512bw, avx512vl, sha, fma, vzeroupper, avx512_vpopcntdq, avx512_vpclmulqdq, avx512_vaes, avx512_vnni, clflush, clflushopt, clwb, avx512_vbmi2, avx512_vbmi, hv, rdtscp, rdpid, fsrm, gfni, avx512_bitalg, f16c, cet_ibt, cet_ss, avx512_ifma
Processor Information for all 12 processors :
  Max Mhz: 2688, Current Mhz: 2688, Mhz Limit: 2688

Memory: 4k page, system-wide physical 32547M (11830M free)
TotalPageFile size 32547M (AvailPageFile size 488M)
current process WorkingSet (physical memory assigned to process): 11M, peak: 11M
current process commit charge ("private bytes"): 64M, peak: 576M

vm_info: OpenJDK 64-Bit Server VM (21.0.5+8-b631.16) for windows-amd64 JRE (21.0.5+8-b631.16), built on 2024-11-02 by "builduser" with MS VC++ 16.10 / 16.11 (VS2019)

END.
